<?xml version="1.0" encoding="UTF-8"?>
<testsuite xmlns:xsi="http://www.w3.org/2001/XMLSchema-instance" xsi:noNamespaceSchemaLocation="https://maven.apache.org/surefire/maven-failsafe-plugin/xsd/failsafe-test-report-3.0.xsd" version="3.0" name="Customer.journey.CustomerIntegrationTest" time="6.728" tests="3" errors="0" skipped="0" failures="0">
  <properties>
[...]
</properties>
  <testcase name="canRegisterACustomer" classname="Customer.journey.CustomerIntegrationTest" time="1.003">
    <system-out><![CDATA[17:59:02.147 [main] DEBUG org.springframework.test.context.BootstrapUtils - Instantiating CacheAwareContextLoaderDelegate from class [org.springframework.test.context.cache.DefaultCacheAwareContextLoaderDelegate]
17:59:02.164 [main] DEBUG org.springframework.test.context.BootstrapUtils - Instantiating BootstrapContext using constructor [public org.springframework.test.context.support.DefaultBootstrapContext(java.lang.Class,org.springframework.test.context.CacheAwareContextLoaderDelegate)]
17:59:02.201 [main] DEBUG org.springframework.test.context.BootstrapUtils - Instantiating TestContextBootstrapper for test class [Customer.journey.CustomerIntegrationTest] from class [org.springframework.boot.test.context.SpringBootTestContextBootstrapper]
17:59:02.213 [main] INFO org.springframework.boot.test.context.SpringBootTestContextBootstrapper - Neither @ContextConfiguration nor @ContextHierarchy found for test class [Customer.journey.CustomerIntegrationTest], using SpringBootContextLoader
17:59:02.217 [main] DEBUG org.springframework.test.context.support.AbstractContextLoader - Did not detect default resource location for test class [Customer.journey.CustomerIntegrationTest]: class path resource [Customer/journey/CustomerIntegrationTest-context.xml] does not exist
17:59:02.218 [main] DEBUG org.springframework.test.context.support.AbstractContextLoader - Did not detect default resource location for test class [Customer.journey.CustomerIntegrationTest]: class path resource [Customer/journey/CustomerIntegrationTestContext.groovy] does not exist
17:59:02.218 [main] INFO org.springframework.test.context.support.AbstractContextLoader - Could not detect default resource locations for test class [Customer.journey.CustomerIntegrationTest]: no resource found for suffixes {-context.xml, Context.groovy}.
17:59:02.219 [main] INFO org.springframework.test.context.support.AnnotationConfigContextLoaderUtils - Could not detect default configuration classes for test class [Customer.journey.CustomerIntegrationTest]: CustomerIntegrationTest does not declare any static, non-private, non-final, nested classes annotated with @Configuration.
17:59:02.241 [main] DEBUG org.springframework.boot.test.context.SpringBootTestContextBootstrapper - Loaded ContextCustomizerFactory implementations from location [META-INF/spring.factories]: [org.springframework.boot.test.context.ImportsContextCustomizerFactory, org.springframework.boot.test.context.filter.ExcludeFilterContextCustomizerFactory, org.springframework.boot.test.graphql.tester.HttpGraphQlTesterContextCustomizerFactory, org.springframework.boot.test.json.DuplicateJsonObjectContextCustomizerFactory, org.springframework.boot.test.mock.mockito.MockitoContextCustomizerFactory, org.springframework.boot.test.web.client.TestRestTemplateContextCustomizerFactory, org.springframework.boot.test.web.reactive.server.WebTestClientContextCustomizerFactory, org.springframework.boot.test.autoconfigure.OverrideAutoConfigurationContextCustomizerFactory, org.springframework.boot.test.autoconfigure.actuate.observability.ObservabilityContextCustomizerFactory, org.springframework.boot.test.autoconfigure.filter.TypeExcludeFiltersContextCustomizerFactory, org.springframework.boot.test.autoconfigure.properties.PropertyMappingContextCustomizerFactory, org.springframework.boot.test.autoconfigure.web.servlet.WebDriverContextCustomizerFactory, org.springframework.test.context.web.socket.MockServerContainerContextCustomizerFactory, org.springframework.test.context.support.DynamicPropertiesContextCustomizerFactory]
17:59:02.255 [main] INFO org.springframework.boot.test.context.SpringBootTestContextBootstrapper - Using ContextCustomizers: [org.springframework.boot.test.context.filter.ExcludeFilterContextCustomizer@14bdbc74, org.springframework.boot.test.json.DuplicateJsonObjectContextCustomizerFactory$DuplicateJsonObjectContextCustomizer@38145825, org.springframework.boot.test.mock.mockito.MockitoContextCustomizer@0, org.springframework.boot.test.web.client.TestRestTemplateContextCustomizer@3b35a229, org.springframework.boot.test.web.reactive.server.WebTestClientContextCustomizer@5e3f861, org.springframework.boot.test.autoconfigure.actuate.observability.ObservabilityContextCustomizerFactory$DisableObservabilityContextCustomizer@9da1, org.springframework.boot.test.autoconfigure.properties.PropertyMappingContextCustomizer@0, org.springframework.boot.test.autoconfigure.web.servlet.WebDriverContextCustomizerFactory$Customizer@50029372]
17:59:02.260 [main] DEBUG org.springframework.test.context.support.ActiveProfilesUtils - Could not find an 'annotation declaring class' for annotation type [org.springframework.test.context.ActiveProfiles] and class [Customer.journey.CustomerIntegrationTest]
17:59:02.326 [main] DEBUG org.springframework.context.annotation.ClassPathScanningCandidateComponentProvider - Identified candidate component class: file [C:\Users\023da\OneDrive\Pulpit\Projects\Customer\Customer\target\classes\Customer\Main.class]
17:59:02.327 [main] INFO org.springframework.boot.test.context.SpringBootTestContextBootstrapper - Found @SpringBootConfiguration Customer.Main for test class Customer.journey.CustomerIntegrationTest
17:59:02.405 [main] DEBUG org.springframework.boot.test.context.SpringBootTestContextBootstrapper - @TestExecutionListeners is not present for class [Customer.journey.CustomerIntegrationTest]: using defaults.
17:59:02.420 [main] DEBUG org.springframework.boot.test.context.SpringBootTestContextBootstrapper - Loaded default TestExecutionListener implementations from location [META-INF/spring.factories]: [org.springframework.test.context.web.ServletTestExecutionListener, org.springframework.test.context.support.DirtiesContextBeforeModesTestExecutionListener, org.springframework.test.context.event.ApplicationEventsTestExecutionListener, org.springframework.boot.test.mock.mockito.MockitoTestExecutionListener, org.springframework.test.context.support.DependencyInjectionTestExecutionListener, org.springframework.test.context.support.DirtiesContextTestExecutionListener, org.springframework.test.context.transaction.TransactionalTestExecutionListener, org.springframework.test.context.jdbc.SqlScriptsTestExecutionListener, org.springframework.test.context.event.EventPublishingTestExecutionListener, org.springframework.boot.test.mock.mockito.ResetMocksTestExecutionListener, org.springframework.boot.test.autoconfigure.restdocs.RestDocsTestExecutionListener, org.springframework.boot.test.autoconfigure.web.client.MockRestServiceServerResetTestExecutionListener, org.springframework.boot.test.autoconfigure.web.servlet.MockMvcPrintOnlyOnFailureTestExecutionListener, org.springframework.boot.test.autoconfigure.web.servlet.WebDriverTestExecutionListener, org.springframework.boot.test.autoconfigure.webservices.client.MockWebServiceServerTestExecutionListener]
17:59:02.422 [main] INFO org.springframework.boot.test.context.SpringBootTestContextBootstrapper - Using TestExecutionListeners: [org.springframework.test.context.web.ServletTestExecutionListener@25a6944c, org.springframework.test.context.support.DirtiesContextBeforeModesTestExecutionListener@5e1fa5b1, org.springframework.test.context.event.ApplicationEventsTestExecutionListener@6b00f608, org.springframework.boot.test.mock.mockito.MockitoTestExecutionListener@2f17e30d, org.springframework.boot.test.autoconfigure.SpringBootDependencyInjectionTestExecutionListener@3e821657, org.springframework.test.context.support.DirtiesContextTestExecutionListener@1d131e1b, org.springframework.test.context.transaction.TransactionalTestExecutionListener@71cf1b07, org.springframework.test.context.jdbc.SqlScriptsTestExecutionListener@615091b8, org.springframework.test.context.event.EventPublishingTestExecutionListener@4fce136b, org.springframework.boot.test.mock.mockito.ResetMocksTestExecutionListener@4aa83f4f, org.springframework.boot.test.autoconfigure.restdocs.RestDocsTestExecutionListener@43b6123e, org.springframework.boot.test.autoconfigure.web.client.MockRestServiceServerResetTestExecutionListener@260e86a1, org.springframework.boot.test.autoconfigure.web.servlet.MockMvcPrintOnlyOnFailureTestExecutionListener@19648c40, org.springframework.boot.test.autoconfigure.web.servlet.WebDriverTestExecutionListener@12bd8a64, org.springframework.boot.test.autoconfigure.webservices.client.MockWebServiceServerTestExecutionListener@61e94def]
17:59:02.424 [main] DEBUG org.springframework.test.context.support.AbstractDirtiesContextTestExecutionListener - Before test class: context [DefaultTestContext@18bc345 testClass = CustomerIntegrationTest, testInstance = [null], testMethod = [null], testException = [null], mergedContextConfiguration = [WebMergedContextConfiguration@42f8285e testClass = CustomerIntegrationTest, locations = '{}', classes = '{class Customer.Main}', contextInitializerClasses = '[]', activeProfiles = '{}', propertySourceLocations = '{}', propertySourceProperties = '{org.springframework.boot.test.context.SpringBootTestContextBootstrapper=true, server.port=0}', contextCustomizers = set[org.springframework.boot.test.context.filter.ExcludeFilterContextCustomizer@14bdbc74, org.springframework.boot.test.json.DuplicateJsonObjectContextCustomizerFactory$DuplicateJsonObjectContextCustomizer@38145825, org.springframework.boot.test.mock.mockito.MockitoContextCustomizer@0, org.springframework.boot.test.web.client.TestRestTemplateContextCustomizer@3b35a229, org.springframework.boot.test.web.reactive.server.WebTestClientContextCustomizer@5e3f861, org.springframework.boot.test.autoconfigure.actuate.observability.ObservabilityContextCustomizerFactory$DisableObservabilityContextCustomizer@9da1, org.springframework.boot.test.autoconfigure.properties.PropertyMappingContextCustomizer@0, org.springframework.boot.test.autoconfigure.web.servlet.WebDriverContextCustomizerFactory$Customizer@50029372, org.springframework.boot.test.context.SpringBootTestAnnotation@53c53b03], resourceBasePath = 'src/main/webapp', contextLoader = 'org.springframework.boot.test.context.SpringBootContextLoader', parent = [null]], attributes = map['org.springframework.test.context.web.ServletTestExecutionListener.activateListener' -> false]], class annotated with @DirtiesContext [false] with mode [null].
17:59:02.436 [main] DEBUG org.springframework.test.context.support.DependencyInjectionTestExecutionListener - Performing dependency injection for test context [DefaultTestContext@18bc345 testClass = CustomerIntegrationTest, testInstance = Customer.journey.CustomerIntegrationTest@4233e892, testMethod = [null], testException = [null], mergedContextConfiguration = [WebMergedContextConfiguration@42f8285e testClass = CustomerIntegrationTest, locations = '{}', classes = '{class Customer.Main}', contextInitializerClasses = '[]', activeProfiles = '{}', propertySourceLocations = '{}', propertySourceProperties = '{org.springframework.boot.test.context.SpringBootTestContextBootstrapper=true, server.port=0}', contextCustomizers = set[org.springframework.boot.test.context.filter.ExcludeFilterContextCustomizer@14bdbc74, org.springframework.boot.test.json.DuplicateJsonObjectContextCustomizerFactory$DuplicateJsonObjectContextCustomizer@38145825, org.springframework.boot.test.mock.mockito.MockitoContextCustomizer@0, org.springframework.boot.test.web.client.TestRestTemplateContextCustomizer@3b35a229, org.springframework.boot.test.web.reactive.server.WebTestClientContextCustomizer@5e3f861, org.springframework.boot.test.autoconfigure.actuate.observability.ObservabilityContextCustomizerFactory$DisableObservabilityContextCustomizer@9da1, org.springframework.boot.test.autoconfigure.properties.PropertyMappingContextCustomizer@0, org.springframework.boot.test.autoconfigure.web.servlet.WebDriverContextCustomizerFactory$Customizer@50029372, org.springframework.boot.test.context.SpringBootTestAnnotation@53c53b03], resourceBasePath = 'src/main/webapp', contextLoader = 'org.springframework.boot.test.context.SpringBootContextLoader', parent = [null]], attributes = map['org.springframework.test.context.web.ServletTestExecutionListener.activateListener' -> false, 'org.springframework.test.context.event.ApplicationEventsTestExecutionListener.recordApplicationEvents' -> false]]

  .   ____          _            __ _ _
 /\\ / ___'_ __ _ _(_)_ __  __ _ \ \ \ \
( ( )\___ | '_ | '_| | '_ \/ _` | \ \ \ \
 \\/  ___)| |_)| | | | | || (_| |  ) ) ) )
  '  |____| .__|_| |_|_| |_\__, | / / / /
 =========|_|==============|___/=/_/_/_/
 :: Spring Boot ::            (v3.0.0-RC1)

2023-09-12T17:59:02.835+02:00  INFO 5776 --- [           main] C.journey.CustomerIntegrationTest        : Starting CustomerIntegrationTest using Java 19.0.1 on DESKTOP-4TSL4T1 with PID 5776 (started by 023da in C:\Users\023da\OneDrive\Pulpit\Projects\Customer\Customer)
2023-09-12T17:59:02.836+02:00  INFO 5776 --- [           main] C.journey.CustomerIntegrationTest        : No active profile set, falling back to 1 default profile: "default"
2023-09-12T17:59:03.497+02:00  INFO 5776 --- [           main] .s.d.r.c.RepositoryConfigurationDelegate : Multiple Spring Data modules found, entering strict repository configuration mode
2023-09-12T17:59:03.498+02:00  INFO 5776 --- [           main] .s.d.r.c.RepositoryConfigurationDelegate : Bootstrapping Spring Data JDBC repositories in DEFAULT mode.
2023-09-12T17:59:03.527+02:00  INFO 5776 --- [           main] .RepositoryConfigurationExtensionSupport : Spring Data JDBC - Could not safely identify store assignment for repository candidate interface Customer.customer.CustomerRepository; If you want this repository to be a JDBC repository, consider annotating your entities with one of these annotations: org.springframework.data.relational.core.mapping.Table.
2023-09-12T17:59:03.528+02:00  INFO 5776 --- [           main] .s.d.r.c.RepositoryConfigurationDelegate : Finished Spring Data repository scanning in 24 ms. Found 0 JDBC repository interfaces.
2023-09-12T17:59:03.537+02:00  INFO 5776 --- [           main] .s.d.r.c.RepositoryConfigurationDelegate : Multiple Spring Data modules found, entering strict repository configuration mode
2023-09-12T17:59:03.538+02:00  INFO 5776 --- [           main] .s.d.r.c.RepositoryConfigurationDelegate : Bootstrapping Spring Data JPA repositories in DEFAULT mode.
2023-09-12T17:59:03.644+02:00  INFO 5776 --- [           main] .s.d.r.c.RepositoryConfigurationDelegate : Finished Spring Data repository scanning in 99 ms. Found 1 JPA repository interfaces.
2023-09-12T17:59:04.331+02:00  INFO 5776 --- [           main] o.s.b.w.embedded.tomcat.TomcatWebServer  : Tomcat initialized with port(s): 0 (http)
2023-09-12T17:59:04.340+02:00  INFO 5776 --- [           main] o.apache.catalina.core.StandardService   : Starting service [Tomcat]
2023-09-12T17:59:04.340+02:00  INFO 5776 --- [           main] o.apache.catalina.core.StandardEngine    : Starting Servlet engine: [Apache Tomcat/10.0.27]
2023-09-12T17:59:04.483+02:00  INFO 5776 --- [           main] o.a.c.c.C.[Tomcat].[localhost].[/]       : Initializing Spring embedded WebApplicationContext
2023-09-12T17:59:04.484+02:00  INFO 5776 --- [           main] w.s.c.ServletWebServerApplicationContext : Root WebApplicationContext: initialization completed in 1626 ms
2023-09-12T17:59:04.683+02:00  INFO 5776 --- [           main] o.f.c.internal.license.VersionPrinter    : Flyway Community Edition 9.5.0 by Redgate
2023-09-12T17:59:04.683+02:00  INFO 5776 --- [           main] o.f.c.internal.license.VersionPrinter    : See what's new here: https://flywaydb.org/documentation/learnmore/releaseNotes#9.5.0
2023-09-12T17:59:04.683+02:00  INFO 5776 --- [           main] o.f.c.internal.license.VersionPrinter    : 
2023-09-12T17:59:04.697+02:00  INFO 5776 --- [           main] com.zaxxer.hikari.HikariDataSource       : HikariPool-1 - Starting...
2023-09-12T17:59:04.898+02:00  INFO 5776 --- [           main] com.zaxxer.hikari.pool.HikariPool        : HikariPool-1 - Added connection org.postgresql.jdbc.PgConnection@33f4c769
2023-09-12T17:59:04.899+02:00  INFO 5776 --- [           main] com.zaxxer.hikari.HikariDataSource       : HikariPool-1 - Start completed.
2023-09-12T17:59:04.915+02:00  INFO 5776 --- [           main] o.f.c.i.database.base.BaseDatabaseType   : Database: jdbc:postgresql://localhost:5332/customer (PostgreSQL 15.4)
2023-09-12T17:59:04.928+02:00  WARN 5776 --- [           main] o.f.c.internal.database.base.Database    : Flyway upgrade recommended: PostgreSQL 15.4 is newer than this version of Flyway and support has not been tested. The latest supported version of PostgreSQL is 14.
2023-09-12T17:59:04.965+02:00  INFO 5776 --- [           main] o.f.core.internal.command.DbValidate     : Successfully validated 2 migrations (execution time 00:00.026s)
2023-09-12T17:59:05.009+02:00  INFO 5776 --- [           main] o.f.core.internal.command.DbMigrate      : Current version of schema "public": 2
2023-09-12T17:59:05.011+02:00  INFO 5776 --- [           main] o.f.core.internal.command.DbMigrate      : Schema "public" is up to date. No migration necessary.
2023-09-12T17:59:05.189+02:00  INFO 5776 --- [           main] o.hibernate.jpa.internal.util.LogHelper  : HHH000204: Processing PersistenceUnitInfo [name: default]
2023-09-12T17:59:05.250+02:00  INFO 5776 --- [           main] org.hibernate.Version                    : HHH000412: Hibernate ORM core version 6.1.4.Final
2023-09-12T17:59:05.441+02:00  WARN 5776 --- [           main] org.hibernate.orm.deprecation            : HHH90000021: Encountered deprecated setting [javax.persistence.sharedCache.mode], use [jakarta.persistence.sharedCache.mode] instead
2023-09-12T17:59:05.613+02:00  INFO 5776 --- [           main] SQL dialect                              : HHH000400: Using dialect: org.hibernate.dialect.PostgreSQLDialect
2023-09-12T17:59:06.234+02:00  INFO 5776 --- [           main] o.h.e.t.j.p.i.JtaPlatformInitiator       : HHH000490: Using JtaPlatform implementation: [org.hibernate.engine.transaction.jta.platform.internal.NoJtaPlatform]
2023-09-12T17:59:06.241+02:00  INFO 5776 --- [           main] j.LocalContainerEntityManagerFactoryBean : Initialized JPA EntityManagerFactory for persistence unit 'default'
2023-09-12T17:59:06.758+02:00  WARN 5776 --- [           main] JpaBaseConfiguration$JpaWebConfiguration : spring.jpa.open-in-view is enabled by default. Therefore, database queries may be performed during view rendering. Explicitly configure spring.jpa.open-in-view to disable this warning
2023-09-12T17:59:07.280+02:00  INFO 5776 --- [           main] o.s.b.w.embedded.tomcat.TomcatWebServer  : Tomcat started on port(s): 62848 (http) with context path ''
2023-09-12T17:59:07.289+02:00  INFO 5776 --- [           main] C.journey.CustomerIntegrationTest        : Started CustomerIntegrationTest in 4.831 seconds (process running for 5.707)
Hibernate: 
    select
        nextval('customer_id_seq')
Hibernate: 
    insert 
    into
        customer
        (age, email, name, id) 
    values
        (?, ?, ?, ?)
2023-09-12T17:59:08.385+02:00  INFO 5776 --- [o-auto-1-exec-1] o.a.c.c.C.[Tomcat].[localhost].[/]       : Initializing Spring DispatcherServlet 'dispatcherServlet'
2023-09-12T17:59:08.385+02:00  INFO 5776 --- [o-auto-1-exec-1] o.s.web.servlet.DispatcherServlet        : Initializing Servlet 'dispatcherServlet'
2023-09-12T17:59:08.386+02:00  INFO 5776 --- [o-auto-1-exec-1] o.s.web.servlet.DispatcherServlet        : Completed initialization in 1 ms
jdbcTemplate.update = 1
]]></system-out>
  </testcase>
  <testcase name="canDeleteCustomer" classname="Customer.journey.CustomerIntegrationTest" time="0.093">
    <system-out><![CDATA[jdbcTemplate.update = 1
deleteCustomerById = 1
]]></system-out>
  </testcase>
  <testcase name="canUpdateCustomer" classname="Customer.journey.CustomerIntegrationTest" time="0.063">
    <system-out><![CDATA[jdbcTemplate.update = 1
update customer name result = 1
update customer age result = 1
update customer email result = 1
]]></system-out>
  </testcase>
</testsuite>